$ slidev build --base /js-zaklady/ --out ../../dist/js-zaklady


  ●■▲
  Slidev  v0.43.4 

  theme       slidev-theme-geist
  css engine  unocss
  entry       /Users/adamtretera/Documents/Github/educanet-web/topics/js-zaklady/slides.md
vite v4.4.11 building for production...
transforming...
✓ 388 modules transformed.

(!) outDir /Users/adamtretera/Documents/Github/educanet-web/dist/js-zaklady is not inside project root and will not be emptied.
Use --emptyOutDir to override.

rendering chunks...
computing gzip size...
../../dist/js-zaklady/index.html                                   0.45 kB │ gzip:   0.30 kB
../../dist/js-zaklady/assets/logo-b72bde5d.png                    94.32 kB
../../dist/js-zaklady/assets/logo-title-horizontal-96c3c915.png  122.56 kB
../../dist/js-zaklady/assets/Presenter-d0b07bcb.css                1.99 kB │ gzip:   0.62 kB
../../dist/js-zaklady/assets/index-3ac9a408.css                   41.82 kB │ gzip:   8.76 kB
../../dist/js-zaklady/assets/DrawingLayer-587f8482.js              0.63 kB │ gzip:   0.44 kB
../../dist/js-zaklady/assets/NoteDisplay-d1392bf8.js               1.03 kB │ gzip:   0.51 kB
../../dist/js-zaklady/assets/PresenterPrint-1d5866fc.js            1.53 kB │ gzip:   0.90 kB
../../dist/js-zaklady/assets/FileSaver.min-23a5d44b.js             3.15 kB │ gzip:   1.50 kB
../../dist/js-zaklady/assets/NotesView-00da48b1.js                 3.23 kB │ gzip:   1.45 kB
../../dist/js-zaklady/assets/Presenter-2ff71811.js                 4.56 kB │ gzip:   2.16 kB
../../dist/js-zaklady/assets/DrawingControls-5a0a2338.js           7.24 kB │ gzip:   2.73 kB
../../dist/js-zaklady/assets/index-daba3c27.js                   473.24 kB │ gzip: 136.93 kB
✓ built in 1.61s
